{"total": {"lines":{"total":629,"covered":527,"skipped":0,"pct":83.78},"statements":{"total":660,"covered":553,"skipped":0,"pct":83.79},"functions":{"total":91,"covered":83,"skipped":0,"pct":91.21},"branches":{"total":353,"covered":252,"skipped":0,"pct":71.39}}
,"/home/mjn/Workspace/gitlab-ci-local/src/commander.ts": {"lines":{"total":129,"covered":102,"skipped":0,"pct":79.07},"functions":{"total":13,"covered":13,"skipped":0,"pct":100},"statements":{"total":138,"covered":111,"skipped":0,"pct":80.43},"branches":{"total":82,"covered":58,"skipped":0,"pct":70.73}}
,"/home/mjn/Workspace/gitlab-ci-local/src/default_cmd.ts": {"lines":{"total":37,"covered":31,"skipped":0,"pct":83.78},"functions":{"total":3,"covered":2,"skipped":0,"pct":66.67},"statements":{"total":37,"covered":31,"skipped":0,"pct":83.78},"branches":{"total":14,"covered":9,"skipped":0,"pct":64.29}}
,"/home/mjn/Workspace/gitlab-ci-local/src/job.ts": {"lines":{"total":218,"covered":190,"skipped":0,"pct":87.16},"functions":{"total":34,"covered":29,"skipped":0,"pct":85.29},"statements":{"total":229,"covered":198,"skipped":0,"pct":86.46},"branches":{"total":139,"covered":103,"skipped":0,"pct":74.1}}
,"/home/mjn/Workspace/gitlab-ci-local/src/parser.ts": {"lines":{"total":164,"covered":123,"skipped":0,"pct":75},"functions":{"total":18,"covered":16,"skipped":0,"pct":88.89},"statements":{"total":167,"covered":126,"skipped":0,"pct":75.45},"branches":{"total":73,"covered":45,"skipped":0,"pct":61.64}}
,"/home/mjn/Workspace/gitlab-ci-local/src/stage.ts": {"lines":{"total":8,"covered":8,"skipped":0,"pct":100},"functions":{"total":9,"covered":9,"skipped":0,"pct":100},"statements":{"total":11,"covered":11,"skipped":0,"pct":100},"branches":{"total":0,"covered":0,"skipped":0,"pct":100}}
,"/home/mjn/Workspace/gitlab-ci-local/src/state.ts": {"lines":{"total":22,"covered":22,"skipped":0,"pct":100},"functions":{"total":4,"covered":4,"skipped":0,"pct":100},"statements":{"total":25,"covered":25,"skipped":0,"pct":100},"branches":{"total":8,"covered":4,"skipped":0,"pct":50}}
,"/home/mjn/Workspace/gitlab-ci-local/src/utils.ts": {"lines":{"total":51,"covered":51,"skipped":0,"pct":100},"functions":{"total":10,"covered":10,"skipped":0,"pct":100},"statements":{"total":53,"covered":51,"skipped":0,"pct":96.23},"branches":{"total":37,"covered":33,"skipped":0,"pct":89.19}}
}
