{"total": {"lines":{"total":643,"covered":585,"skipped":0,"pct":90.98},"statements":{"total":666,"covered":603,"skipped":0,"pct":90.54},"functions":{"total":110,"covered":99,"skipped":0,"pct":90},"branches":{"total":391,"covered":307,"skipped":0,"pct":78.52}}
,"/home/mjn/Workspace/gitlab-ci-local/src/commander.ts": {"lines":{"total":109,"covered":94,"skipped":0,"pct":86.24},"functions":{"total":13,"covered":10,"skipped":0,"pct":76.92},"statements":{"total":117,"covered":99,"skipped":0,"pct":84.62},"branches":{"total":63,"covered":46,"skipped":0,"pct":73.02}}
,"/home/mjn/Workspace/gitlab-ci-local/src/default-cmd.ts": {"lines":{"total":44,"covered":40,"skipped":0,"pct":90.91},"functions":{"total":4,"covered":3,"skipped":0,"pct":75},"statements":{"total":44,"covered":40,"skipped":0,"pct":90.91},"branches":{"total":20,"covered":16,"skipped":0,"pct":80}}
,"/home/mjn/Workspace/gitlab-ci-local/src/job-expanders.ts": {"lines":{"total":55,"covered":54,"skipped":0,"pct":98.18},"functions":{"total":12,"covered":12,"skipped":0,"pct":100},"statements":{"total":55,"covered":54,"skipped":0,"pct":98.18},"branches":{"total":54,"covered":51,"skipped":0,"pct":94.44}}
,"/home/mjn/Workspace/gitlab-ci-local/src/job.ts": {"lines":{"total":151,"covered":147,"skipped":0,"pct":97.35},"functions":{"total":34,"covered":33,"skipped":0,"pct":97.06},"statements":{"total":157,"covered":152,"skipped":0,"pct":96.82},"branches":{"total":101,"covered":90,"skipped":0,"pct":89.11}}
,"/home/mjn/Workspace/gitlab-ci-local/src/parser.ts": {"lines":{"total":187,"covered":158,"skipped":0,"pct":84.49},"functions":{"total":19,"covered":17,"skipped":0,"pct":89.47},"statements":{"total":190,"covered":161,"skipped":0,"pct":84.74},"branches":{"total":104,"covered":64,"skipped":0,"pct":61.54}}
,"/home/mjn/Workspace/gitlab-ci-local/src/stage.ts": {"lines":{"total":8,"covered":7,"skipped":0,"pct":87.5},"functions":{"total":9,"covered":7,"skipped":0,"pct":77.78},"statements":{"total":11,"covered":9,"skipped":0,"pct":81.82},"branches":{"total":0,"covered":0,"skipped":0,"pct":100}}
,"/home/mjn/Workspace/gitlab-ci-local/src/state.ts": {"lines":{"total":22,"covered":22,"skipped":0,"pct":100},"functions":{"total":4,"covered":4,"skipped":0,"pct":100},"statements":{"total":25,"covered":25,"skipped":0,"pct":100},"branches":{"total":8,"covered":5,"skipped":0,"pct":62.5}}
,"/home/mjn/Workspace/gitlab-ci-local/src/utils.ts": {"lines":{"total":66,"covered":62,"skipped":0,"pct":93.94},"functions":{"total":15,"covered":13,"skipped":0,"pct":86.67},"statements":{"total":66,"covered":62,"skipped":0,"pct":93.94},"branches":{"total":41,"covered":35,"skipped":0,"pct":85.37}}
,"/home/mjn/Workspace/gitlab-ci-local/src/types/exit-error.ts": {"lines":{"total":1,"covered":1,"skipped":0,"pct":100},"functions":{"total":0,"covered":0,"skipped":0,"pct":100},"statements":{"total":1,"covered":1,"skipped":0,"pct":100},"branches":{"total":0,"covered":0,"skipped":0,"pct":100}}
}
